#
# There is insufficient memory for the Java Runtime Environment to continue.
# Native memory allocation (malloc) failed to allocate 925936 bytes for Chunk::new
# Possible reasons:
#   The system is out of physical RAM or swap space
#   The process is running with CompressedOops enabled, and the Java Heap may be blocking the growth of the native heap
# Possible solutions:
#   Reduce memory load on the system
#   Increase physical memory or swap space
#   Check if swap backing store is full
#   Decrease Java heap size (-Xmx/-Xms)
#   Decrease number of Java threads
#   Decrease Java thread stack sizes (-Xss)
#   Set larger code cache with -XX:ReservedCodeCacheSize=
#   JVM is running with Unscaled Compressed Oops mode in which the Java heap is
#     placed in the first 4GB address space. The Java Heap base address is the
#     maximum limit for the native heap growth. Please use -XX:HeapBaseMinAddress
#     to set the Java Heap base and to place the Java Heap above 4GB virtual address.
# This output file may be truncated or incomplete.
#
#  Out of Memory Error (arena.cpp:189), pid=18236, tid=20840
#
# JRE version: OpenJDK Runtime Environment (17.0.7) (build 17.0.7+0-b2043.56-10550314)
# Java VM: OpenJDK 64-Bit Server VM (17.0.7+0-b2043.56-10550314, mixed mode, tiered, compressed oops, compressed class ptrs, g1 gc, windows-amd64)
# No core dump will be written. Minidumps are not enabled by default on client versions of Windows
#

---------------  S U M M A R Y ------------

Command Line: --add-opens=java.base/java.util=ALL-UNNAMED --add-opens=java.base/java.lang=ALL-UNNAMED --add-opens=java.base/java.lang.invoke=ALL-UNNAMED --add-opens=java.prefs/java.util.prefs=ALL-UNNAMED --add-opens=java.base/java.nio.charset=ALL-UNNAMED --add-opens=java.base/java.net=ALL-UNNAMED --add-opens=java.base/java.util.concurrent.atomic=ALL-UNNAMED -Xmx2048m -Dfile.encoding=UTF-8 -Duser.country=IN -Duser.language=en -Duser.variant -javaagent:C:\Users\Ashu_Upmi\.gradle\wrapper\dists\gradle-8.2-bin\bbg7u40eoinfdyxsxr3z4i7ta\gradle-8.2\lib\agents\gradle-instrumentation-agent-8.2.jar org.gradle.launcher.daemon.bootstrap.GradleDaemon 8.2

Host: AMD Ryzen 5 3500U with Radeon Vega Mobile Gfx  , 8 cores, 6G,  Windows 10 , 64 bit Build 19041 (10.0.19041.3155)
Time: Tue Aug 27 20:54:50 2024 India Standard Time elapsed time: 47.644609 seconds (0d 0h 0m 47s)

---------------  T H R E A D  ---------------

Current thread (0x000002186470ed80):  JavaThread "C2 CompilerThread0" daemon [_thread_in_native, id=20840, stack(0x0000002501c00000,0x0000002501d00000)]


Current CompileTask:
C2:  47644 10171       4       org.gradle.internal.instantiation.generator.AbstractClassGenerator::inspectType (560 bytes)

Stack: [0x0000002501c00000,0x0000002501d00000]
Native frames: (J=compiled Java code, j=interpreted, Vv=VM code, C=native code)
V  [jvm.dll+0x683bfa]
V  [jvm.dll+0x8430a4]
V  [jvm.dll+0x8449be]
V  [jvm.dll+0x845023]
V  [jvm.dll+0x24ad2f]
V  [jvm.dll+0xac25c]
V  [jvm.dll+0xac82c]
V  [jvm.dll+0x2b218f]
V  [jvm.dll+0x58c2f7]
V  [jvm.dll+0x225a12]
V  [jvm.dll+0x21e91f]
V  [jvm.dll+0x21c56b]
V  [jvm.dll+0x1a605d]
V  [jvm.dll+0x22c148]
V  [jvm.dll+0x22a209]
V  [jvm.dll+0x7f858c]
V  [jvm.dll+0x7f2aea]
V  [jvm.dll+0x682a35]
C  [ucrtbase.dll+0x21bb2]
C  [KERNEL32.DLL+0x17614]
C  [ntdll.dll+0x526b1]


---------------  P R O C E S S  ---------------

Threads class SMR info:
_java_thread_list=0x000002186c515c80, length=54, elements={
0x000002184887bd00, 0x00000218646ca5e0, 0x00000218646cb360, 0x00000218646efe70,
0x000002186470b000, 0x000002186470d8d0, 0x000002186470e190, 0x000002186470ed80,
0x000002186470fe20, 0x000002186495dca0, 0x0000021864a50720, 0x0000021864c23d80,
0x000002186a729750, 0x0000021869acd1c0, 0x0000021869c79840, 0x0000021869c7c280,
0x0000021864c3bc80, 0x0000021864a306d0, 0x0000021864a2fd30, 0x0000021864a2e520,
0x0000021864a31a10, 0x0000021864a2e9f0, 0x0000021864a30200, 0x0000021864a2e050,
0x0000021864a31540, 0x0000021864a2eec0, 0x0000021864a2f390, 0x0000021864a2f860,
0x0000021864a30ba0, 0x0000021864a31070, 0x000002186b1d7a70, 0x000002186b1d7f40,
0x000002186b1dd5e0, 0x000002186b1d75a0, 0x000002186b1d6730, 0x000002186b1d9280,
0x000002186b1daa90, 0x000002186b1d6260, 0x000002186b1d8410, 0x000002186b1daf60,
0x000002186b1d88e0, 0x000002186b1d8db0, 0x000002186b1d9c20, 0x000002186b1db430,
0x000002186b1dc770, 0x000002186b1db900, 0x000002186b1da5c0, 0x000002186b1dbdd0,
0x000002186b1dc2a0, 0x000002186b1dd110, 0x000002186b1d70d0, 0x000002186b062520,
0x000002186b05d350, 0x000002186b0629f0
}

Java Threads: ( => current thread )
  0x000002184887bd00 JavaThread "main" [_thread_blocked, id=20820, stack(0x0000002500f00000,0x0000002501000000)]
  0x00000218646ca5e0 JavaThread "Reference Handler" daemon [_thread_blocked, id=13264, stack(0x0000002501600000,0x0000002501700000)]
  0x00000218646cb360 JavaThread "Finalizer" daemon [_thread_blocked, id=4716, stack(0x0000002501700000,0x0000002501800000)]
  0x00000218646efe70 JavaThread "Signal Dispatcher" daemon [_thread_blocked, id=18160, stack(0x0000002501800000,0x0000002501900000)]
  0x000002186470b000 JavaThread "Attach Listener" daemon [_thread_blocked, id=20792, stack(0x0000002501900000,0x0000002501a00000)]
  0x000002186470d8d0 JavaThread "Service Thread" daemon [_thread_blocked, id=3776, stack(0x0000002501a00000,0x0000002501b00000)]
  0x000002186470e190 JavaThread "Monitor Deflation Thread" daemon [_thread_blocked, id=21296, stack(0x0000002501b00000,0x0000002501c00000)]
=>0x000002186470ed80 JavaThread "C2 CompilerThread0" daemon [_thread_in_native, id=20840, stack(0x0000002501c00000,0x0000002501d00000)]
  0x000002186470fe20 JavaThread "C1 CompilerThread0" daemon [_thread_blocked, id=18652, stack(0x0000002501d00000,0x0000002501e00000)]
  0x000002186495dca0 JavaThread "Sweeper thread" daemon [_thread_blocked, id=21332, stack(0x0000002501e00000,0x0000002501f00000)]
  0x0000021864a50720 JavaThread "Common-Cleaner" daemon [_thread_blocked, id=4340, stack(0x0000002501f00000,0x0000002502000000)]
  0x0000021864c23d80 JavaThread "Notification Thread" daemon [_thread_blocked, id=12212, stack(0x0000002502000000,0x0000002502100000)]
  0x000002186a729750 JavaThread "Daemon health stats" [_thread_blocked, id=16924, stack(0x0000002502600000,0x0000002502700000)]
  0x0000021869acd1c0 JavaThread "Incoming local TCP Connector on port 21302" [_thread_in_native, id=10820, stack(0x0000002502700000,0x0000002502800000)]
  0x0000021869c79840 JavaThread "Daemon periodic checks" [_thread_blocked, id=14760, stack(0x0000002502800000,0x0000002502900000)]
  0x0000021869c7c280 JavaThread "Daemon" [_thread_blocked, id=4940, stack(0x0000002502900000,0x0000002502a00000)]
  0x0000021864c3bc80 JavaThread "Handler for socket connection from /127.0.0.1:21302 to /127.0.0.1:21307" [_thread_in_native, id=16580, stack(0x0000002502a00000,0x0000002502b00000)]
  0x0000021864a306d0 JavaThread "Cancel handler" [_thread_blocked, id=18544, stack(0x0000002502b00000,0x0000002502c00000)]
  0x0000021864a2fd30 JavaThread "Daemon worker" [_thread_in_vm, id=14808, stack(0x0000002502c00000,0x0000002502d00000)]
  0x0000021864a2e520 JavaThread "Asynchronous log dispatcher for DefaultDaemonConnection: socket connection from /127.0.0.1:21302 to /127.0.0.1:21307" [_thread_blocked, id=18244, stack(0x0000002502d00000,0x0000002502e00000)]
  0x0000021864a31a10 JavaThread "Stdin handler" [_thread_blocked, id=6616, stack(0x0000002502e00000,0x0000002502f00000)]
  0x0000021864a2e9f0 JavaThread "Daemon client event forwarder" [_thread_blocked, id=22120, stack(0x0000002502f00000,0x0000002503000000)]
  0x0000021864a30200 JavaThread "Cache worker for journal cache (C:\Users\Ashu_Upmi\.gradle\caches\journal-1)" [_thread_blocked, id=11084, stack(0x0000002503400000,0x0000002503500000)]
  0x0000021864a2e050 JavaThread "File lock request listener" [_thread_in_native, id=21636, stack(0x0000002503500000,0x0000002503600000)]
  0x0000021864a31540 JavaThread "Cache worker for file hash cache (C:\Users\Ashu_Upmi\.gradle\caches\8.2\fileHashes)" [_thread_blocked, id=20240, stack(0x0000002503600000,0x0000002503700000)]
  0x0000021864a2eec0 JavaThread "File watcher server" daemon [_thread_in_native, id=10056, stack(0x0000002503700000,0x0000002503800000)]
  0x0000021864a2f390 JavaThread "File watcher consumer" daemon [_thread_blocked, id=18984, stack(0x0000002503800000,0x0000002503900000)]
  0x0000021864a2f860 JavaThread "Cache worker for checksums cache (D:\PRABHAKAR\TARGET\PROJECTS\Dating App\.gradle\8.2\checksums)" [_thread_blocked, id=17224, stack(0x0000002503900000,0x0000002503a00000)]
  0x0000021864a30ba0 JavaThread "Cache worker for cache directory md-rule (C:\Users\Ashu_Upmi\.gradle\caches\8.2\md-rule)" [_thread_blocked, id=18888, stack(0x0000002503a00000,0x0000002503b00000)]
  0x0000021864a31070 JavaThread "Cache worker for file content cache (C:\Users\Ashu_Upmi\.gradle\caches\8.2\fileContent)" [_thread_blocked, id=21920, stack(0x0000002503b00000,0x0000002503c00000)]
  0x000002186b1d7a70 JavaThread "Cache worker for file hash cache (D:\PRABHAKAR\TARGET\PROJECTS\Dating App\.gradle\8.2\fileHashes)" [_thread_blocked, id=8604, stack(0x0000002503c00000,0x0000002503d00000)]
  0x000002186b1d7f40 JavaThread "Cache worker for cache directory md-supplier (C:\Users\Ashu_Upmi\.gradle\caches\8.2\md-supplier)" [_thread_blocked, id=20992, stack(0x0000002503d00000,0x0000002503e00000)]
  0x000002186b1dd5e0 JavaThread "Cache worker for execution history cache (C:\Users\Ashu_Upmi\.gradle\caches\8.2\executionHistory)" [_thread_blocked, id=19492, stack(0x0000002503e00000,0x0000002503f00000)]
  0x000002186b1d75a0 JavaThread "jar transforms" [_thread_blocked, id=18920, stack(0x0000002503f00000,0x0000002504000000)]
  0x000002186b1d6730 JavaThread "jar transforms Thread 2" [_thread_blocked, id=20180, stack(0x0000002504100000,0x0000002504200000)]
  0x000002186b1d9280 JavaThread "Cache worker for kotlin-dsl (C:\Users\Ashu_Upmi\.gradle\caches\8.2\kotlin-dsl)" [_thread_blocked, id=14176, stack(0x0000002504200000,0x0000002504300000)]
  0x000002186b1daa90 JavaThread "jar transforms Thread 3" [_thread_blocked, id=18468, stack(0x0000002504300000,0x0000002504400000)]
  0x000002186b1d6260 JavaThread "jar transforms Thread 4" [_thread_blocked, id=21832, stack(0x0000002504400000,0x0000002504500000)]
  0x000002186b1d8410 JavaThread "jar transforms Thread 5" [_thread_blocked, id=21292, stack(0x0000002504500000,0x0000002504600000)]
  0x000002186b1daf60 JavaThread "jar transforms Thread 6" [_thread_blocked, id=12936, stack(0x0000002504600000,0x0000002504700000)]
  0x000002186b1d88e0 JavaThread "Cache worker for dependencies-accessors (D:\PRABHAKAR\TARGET\PROJECTS\Dating App\.gradle\8.2\dependencies-accessors)" [_thread_blocked, id=5636, stack(0x0000002504700000,0x0000002504800000)]
  0x000002186b1d8db0 JavaThread "Cache worker for Build Output Cleanup Cache (D:\PRABHAKAR\TARGET\PROJECTS\Dating App\.gradle\buildOutputCleanup)" [_thread_blocked, id=13004, stack(0x0000002504800000,0x0000002504900000)]
  0x000002186b1d9c20 JavaThread "jar transforms Thread 7" [_thread_blocked, id=19812, stack(0x0000002504900000,0x0000002504a00000)]
  0x000002186b1db430 JavaThread "jar transforms Thread 8" [_thread_blocked, id=19900, stack(0x0000002504a00000,0x0000002504b00000)]
  0x000002186b1dc770 JavaThread "Unconstrained build operations" [_thread_blocked, id=17468, stack(0x0000002504c00000,0x0000002504d00000)]
  0x000002186b1db900 JavaThread "Unconstrained build operations Thread 2" [_thread_blocked, id=15688, stack(0x0000002504d00000,0x0000002504e00000)]
  0x000002186b1da5c0 JavaThread "Unconstrained build operations Thread 3" [_thread_blocked, id=19168, stack(0x0000002504e00000,0x0000002504f00000)]
  0x000002186b1dbdd0 JavaThread "Unconstrained build operations Thread 4" [_thread_blocked, id=1680, stack(0x0000002504f00000,0x0000002505000000)]
  0x000002186b1dc2a0 JavaThread "Unconstrained build operations Thread 5" [_thread_blocked, id=20872, stack(0x0000002505000000,0x0000002505100000)]
  0x000002186b1dd110 JavaThread "Unconstrained build operations Thread 6" [_thread_blocked, id=18892, stack(0x0000002505100000,0x0000002505200000)]
  0x000002186b1d70d0 JavaThread "Unconstrained build operations Thread 7" [_thread_blocked, id=20940, stack(0x0000002505200000,0x0000002505300000)]
  0x000002186b062520 JavaThread "build event listener" [_thread_blocked, id=2052, stack(0x0000002505300000,0x0000002505400000)]
  0x000002186b05d350 JavaThread "Memory manager" [_thread_blocked, id=17232, stack(0x0000002505400000,0x0000002505500000)]
  0x000002186b0629f0 JavaThread "build event listener" [_thread_blocked, id=4148, stack(0x0000002505500000,0x0000002505600000)]

Other Threads:
  0x00000218646c6a60 VMThread "VM Thread" [stack: 0x0000002501500000,0x0000002501600000] [id=3048]
  0x0000021864c24250 WatcherThread [stack: 0x0000002502100000,0x0000002502200000] [id=18668]
  0x00000218488d8ee0 GCTaskThread "GC Thread#0" [stack: 0x0000002501000000,0x0000002501100000] [id=17576]
  0x00000218699240b0 GCTaskThread "GC Thread#1" [stack: 0x0000002502200000,0x0000002502300000] [id=21096]
  0x0000021869a4ba10 GCTaskThread "GC Thread#2" [stack: 0x0000002502300000,0x0000002502400000] [id=16700]
  0x0000021869d33c80 GCTaskThread "GC Thread#3" [stack: 0x0000002502400000,0x0000002502500000] [id=12324]
  0x00000218696c9730 GCTaskThread "GC Thread#4" [stack: 0x0000002502500000,0x0000002502600000] [id=17664]
  0x0000021864b46820 GCTaskThread "GC Thread#5" [stack: 0x0000002503000000,0x0000002503100000] [id=13704]
  0x0000021869deec80 GCTaskThread "GC Thread#6" [stack: 0x0000002503100000,0x0000002503200000] [id=17692]
  0x000002186a04d350 GCTaskThread "GC Thread#7" [stack: 0x0000002503200000,0x0000002503300000] [id=15404]
  0x00000218488e9d30 ConcurrentGCThread "G1 Main Marker" [stack: 0x0000002501100000,0x0000002501200000] [id=2508]
  0x00000218488ea650 ConcurrentGCThread "G1 Conc#0" [stack: 0x0000002501200000,0x0000002501300000] [id=16908]
  0x0000021864b2b040 ConcurrentGCThread "G1 Conc#1" [stack: 0x0000002503300000,0x0000002503400000] [id=18928]
  0x000002184894d660 ConcurrentGCThread "G1 Refine#0" [stack: 0x0000002501300000,0x0000002501400000] [id=20448]
  0x000002186b64d890 ConcurrentGCThread "G1 Refine#1" [stack: 0x0000002504000000,0x0000002504100000] [id=12536]
  0x000002184894df90 ConcurrentGCThread "G1 Service" [stack: 0x0000002501400000,0x0000002501500000] [id=20912]

Threads with active compile tasks:
C2 CompilerThread0    47716 10171       4       org.gradle.internal.instantiation.generator.AbstractClassGenerator::inspectType (560 bytes)

VM state: not at safepoint (normal execution)

VM Mutex/Monitor currently owned by a thread:  ([mutex/lock_event])
[0x0000021848866dc0] Metaspace_lock - owner thread: 0x0000021864a2fd30

Heap address: 0x0000000080000000, size: 2048 MB, Compressed Oops mode: 32-bit

CDS archive(s) not mapped
Compressed class space mapped at: 0x0000000100000000-0x0000000140000000, reserved size: 1073741824
Narrow klass base: 0x0000000000000000, Narrow klass shift: 3, Narrow klass range: 0x140000000

GC Precious Log:
 CPUs: 8 total, 8 available
 Memory: 7103M
 Large Page Support: Disabled
 NUMA Support: Disabled
 Compressed Oops: Enabled (32-bit)
 Heap Region Size: 1M
 Heap Min Capacity: 8M
 Heap Initial Capacity: 112M
 Heap Max Capacity: 2G
 Pre-touch: Disabled
 Parallel Workers: 8
 Concurrent Workers: 2
 Concurrent Refinement Workers: 8
 Periodic GC: Disabled

Heap:
 garbage-first heap   total 128000K, used 102713K [0x0000000080000000, 0x0000000100000000)
  region size 1024K, 9 young (9216K), 2 survivors (2048K)
 Metaspace       used 102306K, committed 102912K, reserved 1179648K
  class space    used 13991K, committed 14272K, reserved 1048576K

Heap Regions: E=young(eden), S=young(survivor), O=old, HS=humongous(starts), HC=humongous(continues), CS=collection set, F=free, OA=open archive, CA=closed archive, TAMS=top-at-mark-start (previous, next)
|   0|0x0000000080000000, 0x0000000080100000, 0x0000000080100000|100%|HS|  |TAMS 0x0000000080100000, 0x0000000080000000| Complete 
|   1|0x0000000080100000, 0x0000000080200000, 0x0000000080200000|100%|HC|  |TAMS 0x0000000080200000, 0x0000000080100000| Complete 
|   2|0x0000000080200000, 0x0000000080300000, 0x0000000080300000|100%|HC|  |TAMS 0x0000000080300000, 0x0000000080200000| Complete 
|   3|0x0000000080300000, 0x0000000080400000, 0x0000000080400000|100%|HC|  |TAMS 0x0000000080400000, 0x0000000080300000| Complete 
|   4|0x0000000080400000, 0x0000000080500000, 0x0000000080500000|100%| O|  |TAMS 0x0000000080500000, 0x0000000080400000| Untracked 
|   5|0x0000000080500000, 0x0000000080600000, 0x0000000080600000|100%| O|  |TAMS 0x0000000080600000, 0x0000000080500000| Untracked 
|   6|0x0000000080600000, 0x0000000080700000, 0x0000000080700000|100%| O|  |TAMS 0x0000000080700000, 0x0000000080600000| Untracked 
|   7|0x0000000080700000, 0x0000000080800000, 0x0000000080800000|100%| O|  |TAMS 0x0000000080800000, 0x0000000080700000| Untracked 
|   8|0x0000000080800000, 0x0000000080900000, 0x0000000080900000|100%| O|  |TAMS 0x0000000080900000, 0x0000000080800000| Untracked 
|   9|0x0000000080900000, 0x0000000080a00000, 0x0000000080a00000|100%| O|  |TAMS 0x0000000080a00000, 0x0000000080900000| Untracked 
|  10|0x0000000080a00000, 0x0000000080b00000, 0x0000000080b00000|100%| O|  |TAMS 0x0000000080b00000, 0x0000000080a00000| Untracked 
|  11|0x0000000080b00000, 0x0000000080c00000, 0x0000000080c00000|100%| O|  |TAMS 0x0000000080c00000, 0x0000000080b00000| Untracked 
|  12|0x0000000080c00000, 0x0000000080d00000, 0x0000000080d00000|100%| O|  |TAMS 0x0000000080d00000, 0x0000000080c00000| Untracked 
|  13|0x0000000080d00000, 0x0000000080e00000, 0x0000000080e00000|100%| O|  |TAMS 0x0000000080e00000, 0x0000000080d00000| Untracked 
|  14|0x0000000080e00000, 0x0000000080f00000, 0x0000000080f00000|100%| O|  |TAMS 0x0000000080f00000, 0x0000000080e00000| Untracked 
|  15|0x0000000080f00000, 0x0000000081000000, 0x0000000081000000|100%| O|  |TAMS 0x0000000081000000, 0x0000000080f00000| Untracked 
|  16|0x0000000081000000, 0x0000000081100000, 0x0000000081100000|100%| O|  |TAMS 0x0000000081100000, 0x0000000081000000| Untracked 
|  17|0x0000000081100000, 0x0000000081200000, 0x0000000081200000|100%| O|  |TAMS 0x0000000081200000, 0x0000000081100000| Untracked 
|  18|0x0000000081200000, 0x0000000081300000, 0x0000000081300000|100%| O|  |TAMS 0x0000000081300000, 0x0000000081200000| Untracked 
|  19|0x0000000081300000, 0x0000000081400000, 0x0000000081400000|100%| O|  |TAMS 0x0000000081400000, 0x0000000081300000| Untracked 
|  20|0x0000000081400000, 0x0000000081500000, 0x0000000081500000|100%| O|  |TAMS 0x0000000081500000, 0x0000000081400000| Untracked 
|  21|0x0000000081500000, 0x0000000081600000, 0x0000000081600000|100%| O|  |TAMS 0x0000000081600000, 0x0000000081500000| Untracked 
|  22|0x0000000081600000, 0x0000000081700000, 0x0000000081700000|100%| O|  |TAMS 0x0000000081700000, 0x0000000081600000| Untracked 
|  23|0x0000000081700000, 0x0000000081800000, 0x0000000081800000|100%|HS|  |TAMS 0x0000000081800000, 0x0000000081700000| Complete 
|  24|0x0000000081800000, 0x0000000081900000, 0x0000000081900000|100%| O|  |TAMS 0x0000000081900000, 0x0000000081800000| Untracked 
|  25|0x0000000081900000, 0x0000000081a00000, 0x0000000081a00000|100%| O|  |TAMS 0x0000000081a00000, 0x0000000081900000| Untracked 
|  26|0x0000000081a00000, 0x0000000081b00000, 0x0000000081b00000|100%| O|  |TAMS 0x0000000081b00000, 0x0000000081a00000| Untracked 
|  27|0x0000000081b00000, 0x0000000081c00000, 0x0000000081c00000|100%| O|  |TAMS 0x0000000081c00000, 0x0000000081b00000| Untracked 
|  28|0x0000000081c00000, 0x0000000081d00000, 0x0000000081d00000|100%| O|  |TAMS 0x0000000081d00000, 0x0000000081c00000| Untracked 
|  29|0x0000000081d00000, 0x0000000081e00000, 0x0000000081e00000|100%| O|  |TAMS 0x0000000081e00000, 0x0000000081d00000| Untracked 
|  30|0x0000000081e00000, 0x0000000081f00000, 0x0000000081f00000|100%| O|  |TAMS 0x0000000081f00000, 0x0000000081e00000| Untracked 
|  31|0x0000000081f00000, 0x0000000082000000, 0x0000000082000000|100%| O|  |TAMS 0x0000000082000000, 0x0000000081f00000| Untracked 
|  32|0x0000000082000000, 0x0000000082100000, 0x0000000082100000|100%| O|  |TAMS 0x0000000082100000, 0x0000000082000000| Untracked 
|  33|0x0000000082100000, 0x0000000082200000, 0x0000000082200000|100%| O|  |TAMS 0x0000000082200000, 0x0000000082100000| Untracked 
|  34|0x0000000082200000, 0x0000000082300000, 0x0000000082300000|100%| O|  |TAMS 0x0000000082300000, 0x0000000082200000| Untracked 
|  35|0x0000000082300000, 0x0000000082400000, 0x0000000082400000|100%| O|  |TAMS 0x0000000082400000, 0x0000000082300000| Untracked 
|  36|0x0000000082400000, 0x0000000082500000, 0x0000000082500000|100%|HS|  |TAMS 0x0000000082500000, 0x0000000082400000| Complete 
|  37|0x0000000082500000, 0x0000000082600000, 0x0000000082600000|100%| O|  |TAMS 0x0000000082600000, 0x0000000082500000| Untracked 
|  38|0x0000000082600000, 0x0000000082700000, 0x0000000082700000|100%| O|  |TAMS 0x0000000082700000, 0x0000000082600000| Untracked 
|  39|0x0000000082700000, 0x0000000082800000, 0x0000000082800000|100%| O|  |TAMS 0x0000000082800000, 0x0000000082700000| Untracked 
|  40|0x0000000082800000, 0x0000000082900000, 0x0000000082900000|100%| O|  |TAMS 0x0000000082900000, 0x0000000082800000| Untracked 
|  41|0x0000000082900000, 0x0000000082a00000, 0x0000000082a00000|100%| O|  |TAMS 0x0000000082900000, 0x0000000082900000| Untracked 
|  42|0x0000000082a00000, 0x0000000082b00000, 0x0000000082b00000|100%|HS|  |TAMS 0x0000000082b00000, 0x0000000082a00000| Complete 
|  43|0x0000000082b00000, 0x0000000082c00000, 0x0000000082c00000|100%|HS|  |TAMS 0x0000000082c00000, 0x0000000082b00000| Complete 
|  44|0x0000000082c00000, 0x0000000082d00000, 0x0000000082d00000|100%|HC|  |TAMS 0x0000000082d00000, 0x0000000082c00000| Complete 
|  45|0x0000000082d00000, 0x0000000082e00000, 0x0000000082e00000|100%|HS|  |TAMS 0x0000000082e00000, 0x0000000082d00000| Complete 
|  46|0x0000000082e00000, 0x0000000082f00000, 0x0000000082f00000|100%|HC|  |TAMS 0x0000000082f00000, 0x0000000082e00000| Complete 
|  47|0x0000000082f00000, 0x0000000083000000, 0x0000000083000000|100%|HS|  |TAMS 0x0000000083000000, 0x0000000082f00000| Complete 
|  48|0x0000000083000000, 0x0000000083100000, 0x0000000083100000|100%|HS|  |TAMS 0x0000000083100000, 0x0000000083000000| Complete 
|  49|0x0000000083100000, 0x0000000083200000, 0x0000000083200000|100%|HC|  |TAMS 0x0000000083200000, 0x0000000083100000| Complete 
|  50|0x0000000083200000, 0x0000000083300000, 0x0000000083300000|100%|HC|  |TAMS 0x0000000083300000, 0x0000000083200000| Complete 
|  51|0x0000000083300000, 0x0000000083400000, 0x0000000083400000|100%|HC|  |TAMS 0x0000000083400000, 0x0000000083300000| Complete 
|  52|0x0000000083400000, 0x0000000083500000, 0x0000000083500000|100%| O|  |TAMS 0x0000000083500000, 0x0000000083400000| Untracked 
|  53|0x0000000083500000, 0x0000000083600000, 0x0000000083600000|100%| O|  |TAMS 0x0000000083600000, 0x0000000083500000| Untracked 
|  54|0x0000000083600000, 0x0000000083700000, 0x0000000083700000|100%| O|  |TAMS 0x0000000083700000, 0x0000000083600000| Untracked 
|  55|0x0000000083700000, 0x0000000083800000, 0x0000000083800000|100%|HS|  |TAMS 0x0000000083800000, 0x0000000083700000| Complete 
|  56|0x0000000083800000, 0x0000000083900000, 0x0000000083900000|100%| O|  |TAMS 0x0000000083900000, 0x0000000083800000| Untracked 
|  57|0x0000000083900000, 0x0000000083a00000, 0x0000000083a00000|100%| O|  |TAMS 0x0000000083a00000, 0x0000000083900000| Untracked 
|  58|0x0000000083a00000, 0x0000000083b00000, 0x0000000083b00000|100%| O|  |TAMS 0x0000000083b00000, 0x0000000083a00000| Untracked 
|  59|0x0000000083b00000, 0x0000000083c00000, 0x0000000083c00000|100%| O|  |TAMS 0x0000000083c00000, 0x0000000083b00000| Untracked 
|  60|0x0000000083c00000, 0x0000000083d00000, 0x0000000083d00000|100%| O|  |TAMS 0x0000000083c00000, 0x0000000083c00000| Untracked 
|  61|0x0000000083d00000, 0x0000000083e00000, 0x0000000083e00000|100%| O|  |TAMS 0x0000000083d00000, 0x0000000083d00000| Untracked 
|  62|0x0000000083e00000, 0x0000000083f00000, 0x0000000083f00000|100%| O|  |TAMS 0x0000000083e00000, 0x0000000083e00000| Untracked 
|  63|0x0000000083f00000, 0x0000000084000000, 0x0000000084000000|100%| O|  |TAMS 0x0000000083f00000, 0x0000000083f00000| Untracked 
|  64|0x0000000084000000, 0x0000000084100000, 0x0000000084100000|100%| O|  |TAMS 0x0000000084000000, 0x0000000084000000| Untracked 
|  65|0x0000000084100000, 0x0000000084200000, 0x0000000084200000|100%| O|  |TAMS 0x0000000084200000, 0x0000000084100000| Untracked 
|  66|0x0000000084200000, 0x0000000084300000, 0x0000000084300000|100%| O|  |TAMS 0x0000000084200000, 0x0000000084200000| Untracked 
|  67|0x0000000084300000, 0x0000000084400000, 0x0000000084400000|100%| O|  |TAMS 0x0000000084400000, 0x0000000084300000| Untracked 
|  68|0x0000000084400000, 0x0000000084500000, 0x0000000084500000|100%| O|  |TAMS 0x000000008449fc00, 0x0000000084400000| Untracked 
|  69|0x0000000084500000, 0x0000000084600000, 0x0000000084600000|100%| O|  |TAMS 0x0000000084500000, 0x0000000084500000| Untracked 
|  70|0x0000000084600000, 0x0000000084700000, 0x0000000084700000|100%|HS|  |TAMS 0x0000000084600000, 0x0000000084600000| Complete 
|  71|0x0000000084700000, 0x0000000084800000, 0x0000000084800000|100%|HC|  |TAMS 0x0000000084700000, 0x0000000084700000| Complete 
|  72|0x0000000084800000, 0x0000000084900000, 0x0000000084900000|100%|HC|  |TAMS 0x0000000084800000, 0x0000000084800000| Complete 
|  73|0x0000000084900000, 0x0000000084a00000, 0x0000000084a00000|100%|HC|  |TAMS 0x0000000084900000, 0x0000000084900000| Complete 
|  74|0x0000000084a00000, 0x0000000084b00000, 0x0000000084b00000|100%| O|  |TAMS 0x0000000084a00000, 0x0000000084a00000| Untracked 
|  75|0x0000000084b00000, 0x0000000084c00000, 0x0000000084c00000|100%| O|  |TAMS 0x0000000084b00000, 0x0000000084b00000| Untracked 
|  76|0x0000000084c00000, 0x0000000084d00000, 0x0000000084d00000|100%| O|  |TAMS 0x0000000084c00000, 0x0000000084c00000| Untracked 
|  77|0x0000000084d00000, 0x0000000084e00000, 0x0000000084e00000|100%| O|  |TAMS 0x0000000084d00000, 0x0000000084d00000| Untracked 
|  78|0x0000000084e00000, 0x0000000084f00000, 0x0000000084f00000|100%| O|  |TAMS 0x0000000084e00000, 0x0000000084e00000| Untracked 
|  79|0x0000000084f00000, 0x0000000085000000, 0x0000000085000000|100%| O|  |TAMS 0x0000000084f00000, 0x0000000084f00000| Untracked 
|  80|0x0000000085000000, 0x0000000085100000, 0x0000000085100000|100%| O|  |TAMS 0x0000000085000000, 0x0000000085000000| Untracked 
|  81|0x0000000085100000, 0x0000000085200000, 0x0000000085200000|100%| O|  |TAMS 0x0000000085100000, 0x0000000085100000| Untracked 
|  82|0x0000000085200000, 0x0000000085300000, 0x0000000085300000|100%| O|  |TAMS 0x0000000085200000, 0x0000000085200000| Untracked 
|  83|0x0000000085300000, 0x0000000085400000, 0x0000000085400000|100%| O|  |TAMS 0x0000000085300000, 0x0000000085300000| Untracked 
|  84|0x0000000085400000, 0x0000000085500000, 0x0000000085500000|100%| O|  |TAMS 0x0000000085400000, 0x0000000085400000| Untracked 
|  85|0x0000000085500000, 0x0000000085600000, 0x0000000085600000|100%| O|  |TAMS 0x0000000085500000, 0x0000000085500000| Untracked 
|  86|0x0000000085600000, 0x0000000085700000, 0x0000000085700000|100%| O|  |TAMS 0x0000000085600000, 0x0000000085600000| Untracked 
|  87|0x0000000085700000, 0x0000000085800000, 0x0000000085800000|100%| O|  |TAMS 0x0000000085700000, 0x0000000085700000| Untracked 
|  88|0x0000000085800000, 0x0000000085900000, 0x0000000085900000|100%| O|  |TAMS 0x0000000085800000, 0x0000000085800000| Untracked 
|  89|0x0000000085900000, 0x00000000859e2600, 0x0000000085a00000| 88%| O|  |TAMS 0x0000000085900000, 0x0000000085900000| Untracked 
|  90|0x0000000085a00000, 0x0000000085a00000, 0x0000000085b00000|  0%| F|  |TAMS 0x0000000085a00000, 0x0000000085a00000| Untracked 
|  91|0x0000000085b00000, 0x0000000085b00000, 0x0000000085c00000|  0%| F|  |TAMS 0x0000000085b00000, 0x0000000085b00000| Untracked 
|  92|0x0000000085c00000, 0x0000000085c00000, 0x0000000085d00000|  0%| F|  |TAMS 0x0000000085c00000, 0x0000000085c00000| Untracked 
|  93|0x0000000085d00000, 0x0000000085d00000, 0x0000000085e00000|  0%| F|  |TAMS 0x0000000085d00000, 0x0000000085d00000| Untracked 
|  94|0x0000000085e00000, 0x0000000085e00000, 0x0000000085f00000|  0%| F|  |TAMS 0x0000000085e00000, 0x0000000085e00000| Untracked 
|  95|0x0000000085f00000, 0x0000000085f00000, 0x0000000086000000|  0%| F|  |TAMS 0x0000000085f00000, 0x0000000085f00000| Untracked 
|  96|0x0000000086000000, 0x0000000086000000, 0x0000000086100000|  0%| F|  |TAMS 0x0000000086000000, 0x0000000086000000| Untracked 
|  97|0x0000000086100000, 0x0000000086100000, 0x0000000086200000|  0%| F|  |TAMS 0x0000000086100000, 0x0000000086100000| Untracked 
|  98|0x0000000086200000, 0x0000000086200000, 0x0000000086300000|  0%| F|  |TAMS 0x0000000086200000, 0x0000000086200000| Untracked 
|  99|0x0000000086300000, 0x0000000086300000, 0x0000000086400000|  0%| F|  |TAMS 0x0000000086300000, 0x0000000086300000| Untracked 
| 100|0x0000000086400000, 0x0000000086400000, 0x0000000086500000|  0%| F|  |TAMS 0x0000000086400000, 0x0000000086400000| Untracked 
| 101|0x0000000086500000, 0x0000000086500000, 0x0000000086600000|  0%| F|  |TAMS 0x0000000086500000, 0x0000000086500000| Untracked 
| 102|0x0000000086600000, 0x0000000086600000, 0x0000000086700000|  0%| F|  |TAMS 0x0000000086600000, 0x0000000086600000| Untracked 
| 103|0x0000000086700000, 0x0000000086700000, 0x0000000086800000|  0%| F|  |TAMS 0x0000000086700000, 0x0000000086700000| Untracked 
| 104|0x0000000086800000, 0x0000000086800000, 0x0000000086900000|  0%| F|  |TAMS 0x0000000086800000, 0x0000000086800000| Untracked 
| 105|0x0000000086900000, 0x000000008696bed0, 0x0000000086a00000| 42%| S|CS|TAMS 0x0000000086900000, 0x0000000086900000| Complete 
| 106|0x0000000086a00000, 0x0000000086b00000, 0x0000000086b00000|100%| S|CS|TAMS 0x0000000086a00000, 0x0000000086a00000| Complete 
| 107|0x0000000086b00000, 0x0000000086b00000, 0x0000000086c00000|  0%| F|  |TAMS 0x0000000086b00000, 0x0000000086b00000| Untracked 
| 108|0x0000000086c00000, 0x0000000086c00000, 0x0000000086d00000|  0%| F|  |TAMS 0x0000000086c00000, 0x0000000086c00000| Untracked 
| 109|0x0000000086d00000, 0x0000000086d00000, 0x0000000086e00000|  0%| F|  |TAMS 0x0000000086d00000, 0x0000000086d00000| Untracked 
| 110|0x0000000086e00000, 0x0000000086e00000, 0x0000000086f00000|  0%| F|  |TAMS 0x0000000086e00000, 0x0000000086e00000| Untracked 
| 111|0x0000000086f00000, 0x0000000086f00000, 0x0000000087000000|  0%| F|  |TAMS 0x0000000086f00000, 0x0000000086f00000| Untracked 
| 112|0x0000000087000000, 0x0000000087000000, 0x0000000087100000|  0%| F|  |TAMS 0x0000000087000000, 0x0000000087000000| Untracked 
| 113|0x0000000087100000, 0x0000000087100000, 0x0000000087200000|  0%| F|  |TAMS 0x0000000087100000, 0x0000000087100000| Untracked 
| 114|0x0000000087200000, 0x00000000872b3c48, 0x0000000087300000| 70%| E|  |TAMS 0x0000000087200000, 0x0000000087200000| Complete 
| 115|0x0000000087300000, 0x0000000087400000, 0x0000000087400000|100%| E|CS|TAMS 0x0000000087300000, 0x0000000087300000| Complete 
| 116|0x0000000087400000, 0x0000000087500000, 0x0000000087500000|100%| E|CS|TAMS 0x0000000087400000, 0x0000000087400000| Complete 
| 117|0x0000000087500000, 0x0000000087600000, 0x0000000087600000|100%| E|CS|TAMS 0x0000000087500000, 0x0000000087500000| Complete 
| 118|0x0000000087600000, 0x0000000087700000, 0x0000000087700000|100%| E|  |TAMS 0x0000000087600000, 0x0000000087600000| Complete 
| 119|0x0000000087700000, 0x0000000087800000, 0x0000000087800000|100%| E|CS|TAMS 0x0000000087700000, 0x0000000087700000| Complete 
| 120|0x0000000087800000, 0x0000000087900000, 0x0000000087900000|100%| E|CS|TAMS 0x0000000087800000, 0x0000000087800000| Complete 
|2044|0x00000000ffc00000, 0x00000000ffd00000, 0x00000000ffd00000|100%| O|  |TAMS 0x00000000ffd00000, 0x00000000ffc00000| Untracked 
|2045|0x00000000ffd00000, 0x00000000ffe00000, 0x00000000ffe00000|100%| O|  |TAMS 0x00000000ffe00000, 0x00000000ffd00000| Untracked 
|2046|0x00000000ffe00000, 0x00000000fff00000, 0x00000000fff00000|100%| O|  |TAMS 0x00000000fff00000, 0x00000000ffe00000| Untracked 
|2047|0x00000000fff00000, 0x0000000100000000, 0x0000000100000000|100%| O|  |TAMS 0x0000000100000000, 0x00000000fff00000| Untracked 

Card table byte_map: [0x000002185d400000,0x000002185d800000] _byte_map_base: 0x000002185d000000

Marking Bits (Prev, Next): (CMBitMap*) 0x00000218488d9440, (CMBitMap*) 0x00000218488d9400
 Prev Bits: [0x000002185fc00000, 0x0000021861c00000)
 Next Bits: [0x000002185dc00000, 0x000002185fc00000)

Polling page: 0x0000021848950000

Metaspace:

Usage:
  Non-class:     86.24 MB used.
      Class:     13.66 MB used.
       Both:     99.91 MB used.

Virtual space:
  Non-class space:      128.00 MB reserved,      86.56 MB ( 68%) committed,  2 nodes.
      Class space:        1.00 GB reserved,      13.94 MB (  1%) committed,  1 nodes.
             Both:        1.12 GB reserved,     100.50 MB (  9%) committed. 

Chunk freelists:
   Non-Class:  9.36 MB
       Class:  2.00 MB
        Both:  11.36 MB

MaxMetaspaceSize: unlimited
CompressedClassSpaceSize: 1.00 GB
Initial GC threshold: 21.00 MB
Current GC threshold: 121.38 MB
CDS: off
MetaspaceReclaimPolicy: balanced
 - commit_granule_bytes: 65536.
 - commit_granule_words: 8192.
 - virtual_space_node_default_size: 8388608.
 - enlarge_chunks_in_place: 1.
 - new_chunks_are_fully_committed: 0.
 - uncommit_free_chunks: 1.
 - use_allocation_guard: 0.
 - handle_deallocations: 1.


Internal statistics:

num_allocs_failed_limit: 6.
num_arena_births: 970.
num_arena_deaths: 0.
num_vsnodes_births: 3.
num_vsnodes_deaths: 0.
num_space_committed: 1608.
num_space_uncommitted: 0.
num_chunks_returned_to_freelist: 6.
num_chunks_taken_from_freelist: 4521.
num_chunk_merges: 6.
num_chunk_splits: 3061.
num_chunks_enlarged: 2131.
num_inconsistent_stats: 0.

CodeHeap 'non-profiled nmethods': size=120000Kb used=5227Kb max_used=5227Kb free=114772Kb
 bounds [0x0000021855050000, 0x0000021855570000, 0x000002185c580000]
CodeHeap 'profiled nmethods': size=120000Kb used=18518Kb max_used=18518Kb free=101481Kb
 bounds [0x000002184d580000, 0x000002184e7a0000, 0x0000021854ab0000]
CodeHeap 'non-nmethods': size=5760Kb used=2429Kb max_used=2488Kb free=3330Kb
 bounds [0x0000021854ab0000, 0x0000021854d40000, 0x0000021855050000]
 total_blobs=10170 nmethods=9201 adapters=880
 compilation: enabled
              stopped_count=0, restarted_count=0
 full_count=0

Compilation events (20 events):
Event: 47.470 Thread 0x000002186470ed80 nmethod 10090 0x0000021855566690 code [0x0000021855566840, 0x0000021855566c18]
Event: 47.470 Thread 0x000002186470fe20 10164       3       com.google.common.base.Platform::emptyToNull (13 bytes)
Event: 47.470 Thread 0x000002186470ed80 10158       4       org.gradle.api.internal.DefaultDomainObjectCollection$IteratorImpl::next (18 bytes)
Event: 47.470 Thread 0x000002186470fe20 nmethod 10164 0x000002184e793190 code [0x000002184e793340, 0x000002184e793638]
Event: 47.470 Thread 0x000002186470fe20 10166       3       org.gradle.api.internal.artifacts.dependencies.DefaultExternalModuleDependency_Decorated::getVersion (40 bytes)
Event: 47.471 Thread 0x000002186470fe20 nmethod 10166 0x000002184e793790 code [0x000002184e793a20, 0x000002184e7946f8]
Event: 47.472 Thread 0x000002186470ed80 nmethod 10158 0x0000021855567090 code [0x0000021855567200, 0x0000021855567378]
Event: 47.472 Thread 0x000002186470ed80 10165       4       org.gradle.internal.ImmutableActionSet$EmptySet::execute (1 bytes)
Event: 47.472 Thread 0x000002186470ed80 nmethod 10165 0x0000021855567410 code [0x0000021855567580, 0x00000218555675f8]
Event: 47.473 Thread 0x000002186470ed80 10167       4       java.util.LinkedHashMap$LinkedEntrySet::size (8 bytes)
Event: 47.473 Thread 0x000002186470ed80 nmethod 10167 0x0000021855567710 code [0x0000021855567880, 0x0000021855567918]
Event: 47.474 Thread 0x000002186470ed80 10168       4       com.google.common.collect.RegularImmutableMap::fromEntryArrayCheckingBucketOverflow (278 bytes)
Event: 47.498 Thread 0x000002186470ed80 nmethod 10168 0x0000021855567a10 code [0x0000021855567c20, 0x00000218555689d8]
Event: 47.498 Thread 0x000002186470ed80 10169       4       com.google.common.collect.ImmutableCollection$Builder::addAll (34 bytes)
Event: 47.521 Thread 0x000002186470ed80 nmethod 10169 0x0000021855569210 code [0x0000021855569440, 0x0000021855569fe0]
Event: 47.555 Thread 0x000002186470ed80 10170       4       org.gradle.internal.reflect.MutablePropertyDetails::getSetters (8 bytes)
Event: 47.559 Thread 0x000002186470ed80 nmethod 10170 0x000002185556a690 code [0x000002185556a820, 0x000002185556aab8]
Event: 47.560 Thread 0x000002186470ed80 10171       4       org.gradle.internal.instantiation.generator.AbstractClassGenerator::inspectType (560 bytes)
Event: 47.563 Thread 0x000002186470fe20 10172       3       com.google.common.collect.LinkedHashMultimap$ValueSet$1::next (43 bytes)
Event: 47.564 Thread 0x000002186470fe20 nmethod 10172 0x000002184e794b10 code [0x000002184e794d40, 0x000002184e795628]

GC Heap History (20 events):
Event: 39.244 GC heap before
{Heap before GC invocations=44 (full 0):
 garbage-first heap   total 128000K, used 108818K [0x0000000080000000, 0x0000000100000000)
  region size 1024K, 21 young (21504K), 2 survivors (2048K)
 Metaspace       used 88910K, committed 89472K, reserved 1179648K
  class space    used 11917K, committed 12160K, reserved 1048576K
}
Event: 39.247 GC heap after
{Heap after GC invocations=45 (full 0):
 garbage-first heap   total 128000K, used 89899K [0x0000000080000000, 0x0000000100000000)
  region size 1024K, 3 young (3072K), 3 survivors (3072K)
 Metaspace       used 88910K, committed 89472K, reserved 1179648K
  class space    used 11917K, committed 12160K, reserved 1048576K
}
Event: 40.078 GC heap before
{Heap before GC invocations=45 (full 0):
 garbage-first heap   total 128000K, used 107307K [0x0000000080000000, 0x0000000100000000)
  region size 1024K, 21 young (21504K), 3 survivors (3072K)
 Metaspace       used 90404K, committed 91008K, reserved 1179648K
  class space    used 12264K, committed 12544K, reserved 1048576K
}
Event: 40.081 GC heap after
{Heap after GC invocations=46 (full 0):
 garbage-first heap   total 128000K, used 90528K [0x0000000080000000, 0x0000000100000000)
  region size 1024K, 3 young (3072K), 3 survivors (3072K)
 Metaspace       used 90404K, committed 91008K, reserved 1179648K
  class space    used 12264K, committed 12544K, reserved 1048576K
}
Event: 40.771 GC heap before
{Heap before GC invocations=46 (full 0):
 garbage-first heap   total 128000K, used 108960K [0x0000000080000000, 0x0000000100000000)
  region size 1024K, 21 young (21504K), 3 survivors (3072K)
 Metaspace       used 91839K, committed 92416K, reserved 1179648K
  class space    used 12475K, committed 12736K, reserved 1048576K
}
Event: 40.775 GC heap after
{Heap after GC invocations=47 (full 0):
 garbage-first heap   total 128000K, used 91360K [0x0000000080000000, 0x0000000100000000)
  region size 1024K, 3 young (3072K), 3 survivors (3072K)
 Metaspace       used 91839K, committed 92416K, reserved 1179648K
  class space    used 12475K, committed 12736K, reserved 1048576K
}
Event: 42.260 GC heap before
{Heap before GC invocations=47 (full 0):
 garbage-first heap   total 128000K, used 107744K [0x0000000080000000, 0x0000000100000000)
  region size 1024K, 20 young (20480K), 3 survivors (3072K)
 Metaspace       used 93057K, committed 93696K, reserved 1179648K
  class space    used 12657K, committed 12928K, reserved 1048576K
}
Event: 42.264 GC heap after
{Heap after GC invocations=48 (full 0):
 garbage-first heap   total 128000K, used 92249K [0x0000000080000000, 0x0000000100000000)
  region size 1024K, 3 young (3072K), 3 survivors (3072K)
 Metaspace       used 93057K, committed 93696K, reserved 1179648K
  class space    used 12657K, committed 12928K, reserved 1048576K
}
Event: 43.072 GC heap before
{Heap before GC invocations=48 (full 0):
 garbage-first heap   total 128000K, used 108633K [0x0000000080000000, 0x0000000100000000)
  region size 1024K, 20 young (20480K), 3 survivors (3072K)
 Metaspace       used 94397K, committed 95040K, reserved 1179648K
  class space    used 12862K, committed 13184K, reserved 1048576K
}
Event: 43.076 GC heap after
{Heap after GC invocations=49 (full 0):
 garbage-first heap   total 128000K, used 93105K [0x0000000080000000, 0x0000000100000000)
  region size 1024K, 2 young (2048K), 2 survivors (2048K)
 Metaspace       used 94397K, committed 95040K, reserved 1179648K
  class space    used 12862K, committed 13184K, reserved 1048576K
}
Event: 44.509 GC heap before
{Heap before GC invocations=49 (full 0):
 garbage-first heap   total 128000K, used 110513K [0x0000000080000000, 0x0000000100000000)
  region size 1024K, 19 young (19456K), 2 survivors (2048K)
 Metaspace       used 96094K, committed 96640K, reserved 1179648K
  class space    used 13108K, committed 13376K, reserved 1048576K
}
Event: 44.515 GC heap after
{Heap after GC invocations=50 (full 0):
 garbage-first heap   total 128000K, used 94223K [0x0000000080000000, 0x0000000100000000)
  region size 1024K, 2 young (2048K), 2 survivors (2048K)
 Metaspace       used 96094K, committed 96640K, reserved 1179648K
  class space    used 13108K, committed 13376K, reserved 1048576K
}
Event: 45.150 GC heap before
{Heap before GC invocations=50 (full 0):
 garbage-first heap   total 128000K, used 110607K [0x0000000080000000, 0x0000000100000000)
  region size 1024K, 18 young (18432K), 2 survivors (2048K)
 Metaspace       used 97157K, committed 97792K, reserved 1179648K
  class space    used 13265K, committed 13568K, reserved 1048576K
}
Event: 45.155 GC heap after
{Heap after GC invocations=51 (full 0):
 garbage-first heap   total 128000K, used 95204K [0x0000000080000000, 0x0000000100000000)
  region size 1024K, 3 young (3072K), 3 survivors (3072K)
 Metaspace       used 97157K, committed 97792K, reserved 1179648K
  class space    used 13265K, committed 13568K, reserved 1048576K
}
Event: 45.728 GC heap before
{Heap before GC invocations=51 (full 0):
 garbage-first heap   total 128000K, used 110564K [0x0000000080000000, 0x0000000100000000)
  region size 1024K, 18 young (18432K), 3 survivors (3072K)
 Metaspace       used 98276K, committed 98944K, reserved 1179648K
  class space    used 13440K, committed 13760K, reserved 1048576K
}
Event: 45.734 GC heap after
{Heap after GC invocations=52 (full 0):
 garbage-first heap   total 128000K, used 96126K [0x0000000080000000, 0x0000000100000000)
  region size 1024K, 2 young (2048K), 2 survivors (2048K)
 Metaspace       used 98276K, committed 98944K, reserved 1179648K
  class space    used 13440K, committed 13760K, reserved 1048576K
}
Event: 46.784 GC heap before
{Heap before GC invocations=52 (full 0):
 garbage-first heap   total 128000K, used 111486K [0x0000000080000000, 0x0000000100000000)
  region size 1024K, 17 young (17408K), 2 survivors (2048K)
 Metaspace       used 99718K, committed 100352K, reserved 1179648K
  class space    used 13690K, committed 14016K, reserved 1048576K
}
Event: 46.788 GC heap after
{Heap after GC invocations=53 (full 0):
 garbage-first heap   total 128000K, used 96561K [0x0000000080000000, 0x0000000100000000)
  region size 1024K, 2 young (2048K), 2 survivors (2048K)
 Metaspace       used 99718K, committed 100352K, reserved 1179648K
  class space    used 13690K, committed 14016K, reserved 1048576K
}
Event: 47.351 GC heap before
{Heap before GC invocations=53 (full 0):
 garbage-first heap   total 128000K, used 110897K [0x0000000080000000, 0x0000000100000000)
  region size 1024K, 16 young (16384K), 2 survivors (2048K)
 Metaspace       used 101775K, committed 102464K, reserved 1179648K
  class space    used 13940K, committed 14272K, reserved 1048576K
}
Event: 47.355 GC heap after
{Heap after GC invocations=54 (full 0):
 garbage-first heap   total 128000K, used 97593K [0x0000000080000000, 0x0000000100000000)
  region size 1024K, 2 young (2048K), 2 survivors (2048K)
 Metaspace       used 101775K, committed 102464K, reserved 1179648K
  class space    used 13940K, committed 14272K, reserved 1048576K
}

Dll operation events (3 events):
Event: 0.028 Loaded shared library C:\Program Files\Android\Android Studio\jbr\bin\java.dll
Event: 0.367 Loaded shared library C:\Program Files\Android\Android Studio\jbr\bin\zip.dll
Event: 1.331 Loaded shared library C:\Program Files\Android\Android Studio\jbr\bin\verify.dll

Deoptimization events (20 events):
Event: 47.432 Thread 0x0000021864a2fd30 Uncommon trap: trap_request=0xffffffc6 fr.pc=0x00000218554e990c relative=0x000000000000006c
Event: 47.432 Thread 0x0000021864a2fd30 Uncommon trap: reason=bimorphic_or_optimized_type_check action=maybe_recompile pc=0x00000218554e990c method=org.gradle.api.internal.provider.Collectors$TypedCollector.size()I @ 4 c2
Event: 47.432 Thread 0x0000021864a2fd30 DEOPT PACKING pc=0x00000218554e990c sp=0x0000002502cf9850
Event: 47.432 Thread 0x0000021864a2fd30 DEOPT UNPACKING pc=0x0000021854b069a3 sp=0x0000002502cf97e0 mode 2
Event: 47.550 Thread 0x0000021864a2fd30 Uncommon trap: trap_request=0xfffffff4 fr.pc=0x000002185553f6dc relative=0x000000000000a51c
Event: 47.550 Thread 0x0000021864a2fd30 Uncommon trap: reason=null_check action=make_not_entrant pc=0x000002185553f6dc method=org.gradle.internal.instantiation.generator.AbstractClassGenerator$PropertyMetadata.addGetter(Lorg/gradle/internal/instantiation/generator/AbstractClassGenerator$MethodM
Event: 47.550 Thread 0x0000021864a2fd30 DEOPT PACKING pc=0x000002185553f6dc sp=0x0000002502cf9390
Event: 47.550 Thread 0x0000021864a2fd30 DEOPT UNPACKING pc=0x0000021854b069a3 sp=0x0000002502cf92e0 mode 2
Event: 47.581 Thread 0x0000021864a2fd30 Uncommon trap: trap_request=0xffffffd6 fr.pc=0x0000021855568708 relative=0x0000000000000ae8
Event: 47.581 Thread 0x0000021864a2fd30 Uncommon trap: reason=array_check action=maybe_recompile pc=0x0000021855568708 method=com.google.common.collect.RegularImmutableMap.fromEntryArrayCheckingBucketOverflow(I[Ljava/util/Map$Entry;Z)Lcom/google/common/collect/ImmutableMap; @ 216 c2
Event: 47.581 Thread 0x0000021864a2fd30 DEOPT PACKING pc=0x0000021855568708 sp=0x0000002502cf85f0
Event: 47.581 Thread 0x0000021864a2fd30 DEOPT UNPACKING pc=0x0000021854b069a3 sp=0x0000002502cf85a0 mode 2
Event: 47.581 Thread 0x0000021864a2fd30 Uncommon trap: trap_request=0xffffffd6 fr.pc=0x0000021855568708 relative=0x0000000000000ae8
Event: 47.581 Thread 0x0000021864a2fd30 Uncommon trap: reason=array_check action=maybe_recompile pc=0x0000021855568708 method=com.google.common.collect.RegularImmutableMap.fromEntryArrayCheckingBucketOverflow(I[Ljava/util/Map$Entry;Z)Lcom/google/common/collect/ImmutableMap; @ 216 c2
Event: 47.581 Thread 0x0000021864a2fd30 DEOPT PACKING pc=0x0000021855568708 sp=0x0000002502cf86b0
Event: 47.581 Thread 0x0000021864a2fd30 DEOPT UNPACKING pc=0x0000021854b069a3 sp=0x0000002502cf8660 mode 2
Event: 47.581 Thread 0x0000021864a2fd30 Uncommon trap: trap_request=0xffffffd6 fr.pc=0x0000021855568708 relative=0x0000000000000ae8
Event: 47.581 Thread 0x0000021864a2fd30 Uncommon trap: reason=array_check action=maybe_recompile pc=0x0000021855568708 method=com.google.common.collect.RegularImmutableMap.fromEntryArrayCheckingBucketOverflow(I[Ljava/util/Map$Entry;Z)Lcom/google/common/collect/ImmutableMap; @ 216 c2
Event: 47.581 Thread 0x0000021864a2fd30 DEOPT PACKING pc=0x0000021855568708 sp=0x0000002502cf8790
Event: 47.581 Thread 0x0000021864a2fd30 DEOPT UNPACKING pc=0x0000021854b069a3 sp=0x0000002502cf8740 mode 2

Classes unloaded (0 events):
No events

Classes redefined (0 events):
No events

Internal exceptions (20 events):
Event: 42.232 Thread 0x0000021864a2fd30 Exception <a 'java/lang/ClassNotFoundException'{0x0000000086852448}: com/android/build/gradle/internal/api/ReadOnlyBaseConfigBeanInfo> (0x0000000086852448) 
thrown [s\src\hotspot\share\classfile\systemDictionary.cpp, line 256]
Event: 42.234 Thread 0x0000021864a2fd30 Exception <a 'java/lang/ClassNotFoundException'{0x000000008685f808}: com/android/build/gradle/internal/api/ReadOnlyBaseConfigCustomizer> (0x000000008685f808) 
thrown [s\src\hotspot\share\classfile\systemDictionary.cpp, line 256]
Event: 42.236 Thread 0x0000021864a2fd30 Exception <a 'java/lang/ClassNotFoundException'{0x000000008687d4b0}: com/android/build/gradle/internal/api/ReadOnlyBuildTypeCustomizer> (0x000000008687d4b0) 
thrown [s\src\hotspot\share\classfile\systemDictionary.cpp, line 256]
Event: 43.478 Thread 0x0000021864a2fd30 Implicit null exception at 0x0000021855416b57 to 0x0000021855417578
Event: 43.478 Thread 0x0000021864a2fd30 Implicit null exception at 0x000002185541645b to 0x00000218554164e4
Event: 43.478 Thread 0x0000021864a2fd30 Implicit null exception at 0x0000021855416b57 to 0x0000021855417578
Event: 43.478 Thread 0x0000021864a2fd30 Implicit null exception at 0x0000021855416b57 to 0x0000021855417578
Event: 43.482 Thread 0x0000021864a2fd30 Implicit null exception at 0x0000021855416b57 to 0x0000021855417578
Event: 44.029 Thread 0x0000021864a2fd30 Implicit null exception at 0x00000218554f2193 to 0x00000218554f2a88
Event: 44.748 Thread 0x0000021864a2fd30 Exception <a 'java/lang/NoSuchMethodError'{0x0000000087457a18}: 'java.lang.Object java.lang.invoke.DirectMethodHandle$Holder.newInvokeSpecial(java.lang.Object, java.lang.Object, java.lang.Object, java.lang.Object, java.lang.Object, java.lang.Object, int)'> (0x0000000087457a18) 
thrown [s\src\hotspot\share\interpreter\linkResolver.cpp, line 771]
Event: 44.749 Thread 0x0000021864a2fd30 Exception <a 'java/lang/NoSuchMethodError'{0x000000008745d208}: 'java.lang.Object java.lang.invoke.DirectMethodHandle$Holder.invokeSpecial(java.lang.Object, java.lang.Object, java.lang.Object, java.lang.Object, java.lang.Object, java.lang.Object, java.lang.Object, int)'> (0x000000008745d208) 
thrown [s\src\hotspot\share\interpreter\linkResolver.cpp, line 771]
Event: 44.750 Thread 0x0000021864a2fd30 Exception <a 'java/lang/NoSuchMethodError'{0x00000000874625e0}: 'java.lang.Object java.lang.invoke.Invokers$Holder.linkToTargetMethod(java.lang.Object, java.lang.Object, java.lang.Object, java.lang.Object, java.lang.Object, int, java.lang.Object)'> (0x00000000874625e0) 
thrown [s\src\hotspot\share\interpreter\linkResolver.cpp, line 771]
Event: 45.531 Thread 0x0000021864a2fd30 Exception <a 'sun/nio/fs/WindowsException'{0x0000000086fba640}> (0x0000000086fba640) 
thrown [s\src\hotspot\share\prims\jni.cpp, line 517]
Event: 46.215 Thread 0x0000021864a2fd30 Exception <a 'java/lang/NullPointerException'{0x000000008712def8}> (0x000000008712def8) 
thrown [s\src\hotspot\share\interpreter\linkResolver.cpp, line 1447]
Event: 46.818 Thread 0x0000021864a2fd30 Implicit null exception at 0x0000021855294485 to 0x000002185529a0f4
Event: 47.265 Thread 0x0000021864a2fd30 Exception <a 'sun/nio/fs/WindowsException'{0x0000000086cebe38}> (0x0000000086cebe38) 
thrown [s\src\hotspot\share\prims\jni.cpp, line 517]
Event: 47.266 Thread 0x0000021864a2fd30 Exception <a 'sun/nio/fs/WindowsException'{0x0000000086ced1e0}> (0x0000000086ced1e0) 
thrown [s\src\hotspot\share\prims\jni.cpp, line 517]
Event: 47.266 Thread 0x0000021864a2fd30 Exception <a 'sun/nio/fs/WindowsException'{0x0000000086cee5d8}> (0x0000000086cee5d8) 
thrown [s\src\hotspot\share\prims\jni.cpp, line 517]
Event: 47.267 Thread 0x0000021864a2fd30 Exception <a 'sun/nio/fs/WindowsException'{0x0000000086cef9d0}> (0x0000000086cef9d0) 
thrown [s\src\hotspot\share\prims\jni.cpp, line 517]
Event: 47.550 Thread 0x0000021864a2fd30 Implicit null exception at 0x0000021855537426 to 0x000002185553f638

VM Operations (20 events):
Event: 44.509 Executing VM operation: G1CollectForAllocation
Event: 44.515 Executing VM operation: G1CollectForAllocation done
Event: 45.150 Executing VM operation: G1CollectForAllocation
Event: 45.155 Executing VM operation: G1CollectForAllocation done
Event: 45.728 Executing VM operation: G1CollectForAllocation
Event: 45.734 Executing VM operation: G1CollectForAllocation done
Event: 46.745 Executing VM operation: Cleanup
Event: 46.746 Executing VM operation: Cleanup done
Event: 46.784 Executing VM operation: G1CollectForAllocation
Event: 46.788 Executing VM operation: G1CollectForAllocation done
Event: 47.118 Executing VM operation: HandshakeAllThreads
Event: 47.118 Executing VM operation: HandshakeAllThreads done
Event: 47.190 Executing VM operation: HandshakeAllThreads
Event: 47.190 Executing VM operation: HandshakeAllThreads done
Event: 47.336 Executing VM operation: HandshakeAllThreads
Event: 47.337 Executing VM operation: HandshakeAllThreads done
Event: 47.351 Executing VM operation: G1CollectForAllocation
Event: 47.356 Executing VM operation: G1CollectForAllocation done
Event: 47.450 Executing VM operation: HandshakeAllThreads
Event: 47.450 Executing VM operation: HandshakeAllThreads done

Events (20 events):
Event: 47.200 loading class java/util/regex/Pattern$Neg
Event: 47.200 loading class java/util/regex/Pattern$Neg done
Event: 47.219 loading class javax/xml/datatype/DatatypeConfigurationException
Event: 47.219 loading class javax/xml/datatype/DatatypeConfigurationException done
Event: 47.221 loading class jdk/internal/reflect/UnsafeIntegerFieldAccessorImpl
Event: 47.222 loading class jdk/internal/reflect/UnsafeIntegerFieldAccessorImpl done
Event: 47.225 loading class com/sun/org/apache/xerces/internal/impl/io/MalformedByteSequenceException
Event: 47.227 loading class java/io/CharConversionException
Event: 47.227 loading class java/io/CharConversionException done
Event: 47.227 loading class com/sun/org/apache/xerces/internal/impl/io/MalformedByteSequenceException done
Event: 47.270 loading class java/util/EnumMap$EntrySet
Event: 47.272 loading class java/util/EnumMap$EntrySet done
Event: 47.272 loading class java/util/EnumMap$EntryIterator
Event: 47.272 loading class java/util/EnumMap$EnumMapIterator
Event: 47.273 loading class java/util/EnumMap$EnumMapIterator done
Event: 47.273 loading class java/util/EnumMap$EntryIterator done
Event: 47.273 loading class java/util/EnumMap$EntryIterator$Entry
Event: 47.273 loading class java/util/EnumMap$EntryIterator$Entry done
Event: 47.323 loading class jdk/internal/reflect/UnsafeBooleanFieldAccessorImpl
Event: 47.325 loading class jdk/internal/reflect/UnsafeBooleanFieldAccessorImpl done


Dynamic libraries:
0x00007ff6203e0000 - 0x00007ff6203ea000 	C:\Program Files\Android\Android Studio\jbr\bin\java.exe
0x00007ff88ba30000 - 0x00007ff88bc28000 	C:\Windows\SYSTEM32\ntdll.dll
0x00007ff889ca0000 - 0x00007ff889d5f000 	C:\Windows\System32\KERNEL32.DLL
0x00007ff8893d0000 - 0x00007ff8896c6000 	C:\Windows\System32\KERNELBASE.dll
0x00007ff889110000 - 0x00007ff889210000 	C:\Windows\System32\ucrtbase.dll
0x00007ff879ae0000 - 0x00007ff879af7000 	C:\Program Files\Android\Android Studio\jbr\bin\jli.dll
0x00007ff880d30000 - 0x00007ff880d4b000 	C:\Program Files\Android\Android Studio\jbr\bin\VCRUNTIME140.dll
0x00007ff88a290000 - 0x00007ff88a42d000 	C:\Windows\System32\USER32.dll
0x00007ff889900000 - 0x00007ff889922000 	C:\Windows\System32\win32u.dll
0x00007ff8746c0000 - 0x00007ff87495a000 	C:\Windows\WinSxS\amd64_microsoft.windows.common-controls_6595b64144ccf1df_6.0.19041.1110_none_60b5254171f9507e\COMCTL32.dll
0x00007ff88ad20000 - 0x00007ff88ad4c000 	C:\Windows\System32\GDI32.dll
0x00007ff889d60000 - 0x00007ff889dfe000 	C:\Windows\System32\msvcrt.dll
0x00007ff8897e0000 - 0x00007ff8898f5000 	C:\Windows\System32\gdi32full.dll
0x00007ff8892c0000 - 0x00007ff88935d000 	C:\Windows\System32\msvcp_win.dll
0x00007ff889b70000 - 0x00007ff889ba0000 	C:\Windows\System32\IMM32.DLL
0x00007ff884240000 - 0x00007ff88424c000 	C:\Program Files\Android\Android Studio\jbr\bin\vcruntime140_1.dll
0x00007ff85a7e0000 - 0x00007ff85a86d000 	C:\Program Files\Android\Android Studio\jbr\bin\msvcp140.dll
0x00007ffffbf20000 - 0x00007ffffcba0000 	C:\Program Files\Android\Android Studio\jbr\bin\server\jvm.dll
0x00007ff88a430000 - 0x00007ff88a4df000 	C:\Windows\System32\ADVAPI32.dll
0x00007ff889ba0000 - 0x00007ff889c3c000 	C:\Windows\System32\sechost.dll
0x00007ff889e00000 - 0x00007ff889f26000 	C:\Windows\System32\RPCRT4.dll
0x00007ff884690000 - 0x00007ff884699000 	C:\Windows\SYSTEM32\WSOCK32.dll
0x00007ff886350000 - 0x00007ff886377000 	C:\Windows\SYSTEM32\WINMM.dll
0x00007ff87e9f0000 - 0x00007ff87e9fa000 	C:\Windows\SYSTEM32\VERSION.dll
0x00007ff88b8a0000 - 0x00007ff88b90b000 	C:\Windows\System32\WS2_32.dll
0x00007ff887940000 - 0x00007ff887952000 	C:\Windows\SYSTEM32\kernel.appcore.dll
0x00007ff884170000 - 0x00007ff88417a000 	C:\Program Files\Android\Android Studio\jbr\bin\jimage.dll
0x00007ff886c40000 - 0x00007ff886e24000 	C:\Windows\SYSTEM32\DBGHELP.DLL
0x00007ff878b70000 - 0x00007ff878ba4000 	C:\Windows\SYSTEM32\dbgcore.DLL
0x00007ff8896d0000 - 0x00007ff889752000 	C:\Windows\System32\bcryptPrimitives.dll
0x00007ff87a0e0000 - 0x00007ff87a0ee000 	C:\Program Files\Android\Android Studio\jbr\bin\instrument.dll
0x00007ff87a320000 - 0x00007ff87a345000 	C:\Program Files\Android\Android Studio\jbr\bin\java.dll
0x00007ff87e0a0000 - 0x00007ff87e0b8000 	C:\Program Files\Android\Android Studio\jbr\bin\zip.dll
0x00007ff88ad50000 - 0x00007ff88b494000 	C:\Windows\System32\SHELL32.dll
0x00007ff887190000 - 0x00007ff887923000 	C:\Windows\SYSTEM32\windows.storage.dll
0x00007ff889f30000 - 0x00007ff88a284000 	C:\Windows\System32\combase.dll
0x00007ff888a80000 - 0x00007ff888aae000 	C:\Windows\SYSTEM32\Wldp.dll
0x00007ff88ab50000 - 0x00007ff88abfd000 	C:\Windows\System32\SHCORE.dll
0x00007ff88b830000 - 0x00007ff88b885000 	C:\Windows\System32\shlwapi.dll
0x00007ff889040000 - 0x00007ff889065000 	C:\Windows\SYSTEM32\profapi.dll
0x00007ff87a1d0000 - 0x00007ff87a1e9000 	C:\Program Files\Android\Android Studio\jbr\bin\net.dll
0x00007ff880b90000 - 0x00007ff880c9a000 	C:\Windows\SYSTEM32\WINHTTP.dll
0x00007ff8887e0000 - 0x00007ff88884a000 	C:\Windows\system32\mswsock.dll
0x00007ff87a1b0000 - 0x00007ff87a1c6000 	C:\Program Files\Android\Android Studio\jbr\bin\nio.dll
0x00007ff87e1a0000 - 0x00007ff87e1b0000 	C:\Program Files\Android\Android Studio\jbr\bin\verify.dll
0x00007ff8841b0000 - 0x00007ff8841d7000 	C:\Users\Ashu_Upmi\.gradle\native\68d5fa5c4cc2d200863cafc0d521ce42e7d3e7ee720ec0a83991735586a16f82\windows-amd64\native-platform.dll
0x00007ff81fe90000 - 0x00007ff81ffd4000 	C:\Users\Ashu_Upmi\.gradle\native\e376f236ea51e6404a007f0833ffe2c6e607c4080706a723a18a27aeea778392\windows-amd64\native-platform-file-events.dll
0x00007ff87a100000 - 0x00007ff87a109000 	C:\Program Files\Android\Android Studio\jbr\bin\management.dll
0x00007ff87a0f0000 - 0x00007ff87a0fb000 	C:\Program Files\Android\Android Studio\jbr\bin\management_ext.dll
0x00007ff88b890000 - 0x00007ff88b898000 	C:\Windows\System32\PSAPI.DLL
0x00007ff8889e0000 - 0x00007ff8889f8000 	C:\Windows\SYSTEM32\CRYPTSP.dll
0x00007ff8880f0000 - 0x00007ff888124000 	C:\Windows\system32\rsaenh.dll
0x00007ff8897b0000 - 0x00007ff8897d7000 	C:\Windows\System32\bcrypt.dll
0x00007ff888fc0000 - 0x00007ff888fee000 	C:\Windows\SYSTEM32\USERENV.dll
0x00007ff8889d0000 - 0x00007ff8889dc000 	C:\Windows\SYSTEM32\CRYPTBASE.dll
0x00007ff8884d0000 - 0x00007ff88850b000 	C:\Windows\SYSTEM32\IPHLPAPI.DLL
0x00007ff88ab40000 - 0x00007ff88ab48000 	C:\Windows\System32\NSI.dll
0x00007ff880ae0000 - 0x00007ff880af7000 	C:\Windows\SYSTEM32\dhcpcsvc6.DLL
0x00007ff881c70000 - 0x00007ff881c8d000 	C:\Windows\SYSTEM32\dhcpcsvc.DLL
0x00007ff888510000 - 0x00007ff8885da000 	C:\Windows\SYSTEM32\DNSAPI.dll
0x00007ff884140000 - 0x00007ff884147000 	C:\Windows\system32\wshunix.dll
0x00007ff8722d0000 - 0x00007ff8722da000 	C:\Windows\System32\rasadhlp.dll
0x00007ff8726d0000 - 0x00007ff872752000 	C:\Windows\System32\fwpuclnt.dll
0x00007ff8636b0000 - 0x00007ff8636c7000 	C:\Windows\system32\napinsp.dll
0x00007ff863600000 - 0x00007ff86361b000 	C:\Windows\system32\pnrpnsp.dll
0x00007ff8837a0000 - 0x00007ff8837b5000 	C:\Windows\system32\wshbth.dll
0x00007ff883fd0000 - 0x00007ff883fed000 	C:\Windows\system32\NLAapi.dll
0x00007ff8635c0000 - 0x00007ff8635d2000 	C:\Windows\System32\winrnr.dll

dbghelp: loaded successfully - version: 4.0.5 - missing functions: none
symbol engine: initialized successfully - sym options: 0x614 - pdb path: .;C:\Program Files\Android\Android Studio\jbr\bin;C:\Windows\SYSTEM32;C:\Windows\WinSxS\amd64_microsoft.windows.common-controls_6595b64144ccf1df_6.0.19041.1110_none_60b5254171f9507e;C:\Program Files\Android\Android Studio\jbr\bin\server;C:\Users\Ashu_Upmi\.gradle\native\68d5fa5c4cc2d200863cafc0d521ce42e7d3e7ee720ec0a83991735586a16f82\windows-amd64;C:\Users\Ashu_Upmi\.gradle\native\e376f236ea51e6404a007f0833ffe2c6e607c4080706a723a18a27aeea778392\windows-amd64

VM Arguments:
jvm_args: --add-opens=java.base/java.util=ALL-UNNAMED --add-opens=java.base/java.lang=ALL-UNNAMED --add-opens=java.base/java.lang.invoke=ALL-UNNAMED --add-opens=java.prefs/java.util.prefs=ALL-UNNAMED --add-opens=java.base/java.nio.charset=ALL-UNNAMED --add-opens=java.base/java.net=ALL-UNNAMED --add-opens=java.base/java.util.concurrent.atomic=ALL-UNNAMED -Xmx2048m -Dfile.encoding=UTF-8 -Duser.country=IN -Duser.language=en -Duser.variant -javaagent:C:\Users\Ashu_Upmi\.gradle\wrapper\dists\gradle-8.2-bin\bbg7u40eoinfdyxsxr3z4i7ta\gradle-8.2\lib\agents\gradle-instrumentation-agent-8.2.jar 
java_command: org.gradle.launcher.daemon.bootstrap.GradleDaemon 8.2
java_class_path (initial): C:\Users\Ashu_Upmi\.gradle\wrapper\dists\gradle-8.2-bin\bbg7u40eoinfdyxsxr3z4i7ta\gradle-8.2\lib\gradle-launcher-8.2.jar
Launcher Type: SUN_STANDARD

[Global flags]
     intx CICompilerCount                          = 4                                         {product} {ergonomic}
     uint ConcGCThreads                            = 2                                         {product} {ergonomic}
     uint G1ConcRefinementThreads                  = 8                                         {product} {ergonomic}
   size_t G1HeapRegionSize                         = 1048576                                   {product} {ergonomic}
    uintx GCDrainStackTargetSize                   = 64                                        {product} {ergonomic}
   size_t InitialHeapSize                          = 117440512                                 {product} {ergonomic}
   size_t MarkStackSize                            = 4194304                                   {product} {ergonomic}
   size_t MaxHeapSize                              = 2147483648                                {product} {command line}
   size_t MaxNewSize                               = 1287651328                                {product} {ergonomic}
   size_t MinHeapDeltaBytes                        = 1048576                                   {product} {ergonomic}
   size_t MinHeapSize                              = 8388608                                   {product} {ergonomic}
    uintx NonNMethodCodeHeapSize                   = 5839372                                {pd product} {ergonomic}
    uintx NonProfiledCodeHeapSize                  = 122909434                              {pd product} {ergonomic}
    uintx ProfiledCodeHeapSize                     = 122909434                              {pd product} {ergonomic}
    uintx ReservedCodeCacheSize                    = 251658240                              {pd product} {ergonomic}
     bool SegmentedCodeCache                       = true                                      {product} {ergonomic}
   size_t SoftMaxHeapSize                          = 2147483648                             {manageable} {ergonomic}
     bool UseCompressedClassPointers               = true                           {product lp64_product} {ergonomic}
     bool UseCompressedOops                        = true                           {product lp64_product} {ergonomic}
     bool UseG1GC                                  = true                                      {product} {ergonomic}
     bool UseLargePagesIndividualAllocation        = false                                  {pd product} {ergonomic}

Logging:
Log output configuration:
 #0: stdout all=warning uptime,level,tags
 #1: stderr all=off uptime,level,tags

Environment Variables:
PATH=C:\Program Files\Common Files\Oracle\Java\javapath;C:\Windows\system32;C:\Windows;C:\Windows\System32\Wbem;C:\Windows\System32\WindowsPowerShell\v1.0\;C:\Windows\System32\OpenSSH\;C:\Program Files\Git\cmd;C:\Program Files\nodejs\;C:\Users\Ashu_Upmi\AppData\Local\Microsoft\WindowsApps;C:\Users\Ashu_Upmi\AppData\Local\Programs\Microsoft VS Code\bin;C:\Users\Ashu_Upmi\AppData\Roaming\npm;C:\Program Files\heroku\bin;C:\Users\Ashu_Upmi\AppData\Local\Android\Sdk\platform-tools;
USERNAME=Ashu_Upmi
OS=Windows_NT
PROCESSOR_IDENTIFIER=AMD64 Family 23 Model 24 Stepping 1, AuthenticAMD
TMP=C:\Users\ASHU_U~1\AppData\Local\Temp
TEMP=C:\Users\ASHU_U~1\AppData\Local\Temp


JNI global refs:
JNI global refs: 28, weak refs: 1

JNI global refs memory usage: 843, weak refs: 841

OOME stack traces (most recent first):
Classloader memory used:
